This is pdfTeX, Version 3.14159265-2.6-1.40.20 (MiKTeX 2.9.7050 64-bit) (preloaded format=pdflatex 2020.4.8)  28 JUN 2021 09:33
entering extended mode
**./main.tex
(main.tex
LaTeX2e <2018-12-01>
(IEEEtran.cls
Document Class: IEEEtran 2007/01/11 V1.7 by Michael Shell
-- See the "IEEEtran_HOWTO" manual for usage information.
-- http://www.michaelshell.org/tex/ieeetran/
\@IEEEtrantmpdimenA=\dimen102
\@IEEEtrantmpdimenB=\dimen103
\@IEEEtrantmpcountA=\count80
\@IEEEtrantmpcountB=\count81
\@IEEEtrantmptoksA=\toks14
LaTeX Font Info:    Try loading font information for OT1+ptm on input line 368.

("C:\Program Files\MiKTeX 2.9\tex/latex/psnfss\ot1ptm.fd"
File: ot1ptm.fd 2001/06/04 font definitions for OT1/ptm.
)
-- Using 8.5in x 11in (letter) paper.
-- Using PDF output.
\@IEEEnormalsizeunitybaselineskip=\dimen104
-- This is a 12 point document.
\CLASSINFOnormalsizebaselineskip=\dimen105
\CLASSINFOnormalsizeunitybaselineskip=\dimen106
\IEEEnormaljot=\dimen107
LaTeX Font Info:    Font shape `OT1/ptm/bx/n' in size <6> not available
(Font)              Font shape `OT1/ptm/b/n' tried instead on input line 726.
LaTeX Font Info:    Font shape `OT1/ptm/bx/it' in size <6> not available
(Font)              Font shape `OT1/ptm/b/it' tried instead on input line 726.
LaTeX Font Info:    Font shape `OT1/ptm/bx/n' in size <8> not available
(Font)              Font shape `OT1/ptm/b/n' tried instead on input line 726.
LaTeX Font Info:    Font shape `OT1/ptm/bx/it' in size <8> not available
(Font)              Font shape `OT1/ptm/b/it' tried instead on input line 726.
LaTeX Font Info:    Font shape `OT1/ptm/bx/n' in size <9> not available
(Font)              Font shape `OT1/ptm/b/n' tried instead on input line 726.
LaTeX Font Info:    Font shape `OT1/ptm/bx/it' in size <9> not available
(Font)              Font shape `OT1/ptm/b/it' tried instead on input line 726.
LaTeX Font Info:    Font shape `OT1/ptm/bx/n' in size <10> not available
(Font)              Font shape `OT1/ptm/b/n' tried instead on input line 726.
LaTeX Font Info:    Font shape `OT1/ptm/bx/it' in size <10> not available
(Font)              Font shape `OT1/ptm/b/it' tried instead on input line 726.
LaTeX Font Info:    Font shape `OT1/ptm/bx/n' in size <12> not available
(Font)              Font shape `OT1/ptm/b/n' tried instead on input line 726.
LaTeX Font Info:    Font shape `OT1/ptm/bx/it' in size <12> not available
(Font)              Font shape `OT1/ptm/b/it' tried instead on input line 726.
LaTeX Font Info:    Font shape `OT1/ptm/bx/n' in size <14> not available
(Font)              Font shape `OT1/ptm/b/n' tried instead on input line 726.
LaTeX Font Info:    Font shape `OT1/ptm/bx/it' in size <14> not available
(Font)              Font shape `OT1/ptm/b/it' tried instead on input line 726.
LaTeX Font Info:    Font shape `OT1/ptm/bx/n' in size <20> not available
(Font)              Font shape `OT1/ptm/b/n' tried instead on input line 726.
LaTeX Font Info:    Font shape `OT1/ptm/bx/it' in size <20> not available
(Font)              Font shape `OT1/ptm/b/it' tried instead on input line 726.
LaTeX Font Info:    Font shape `OT1/ptm/bx/n' in size <22> not available
(Font)              Font shape `OT1/ptm/b/n' tried instead on input line 726.
LaTeX Font Info:    Font shape `OT1/ptm/bx/it' in size <22> not available
(Font)              Font shape `OT1/ptm/b/it' tried instead on input line 726.
LaTeX Font Info:    Font shape `OT1/ptm/bx/n' in size <24> not available
(Font)              Font shape `OT1/ptm/b/n' tried instead on input line 726.
LaTeX Font Info:    Font shape `OT1/ptm/bx/it' in size <24> not available
(Font)              Font shape `OT1/ptm/b/it' tried instead on input line 726.
\IEEEilabelindentA=\dimen108
\IEEEilabelindentB=\dimen109
\IEEEilabelindent=\dimen110
\IEEEelabelindent=\dimen111
\IEEEdlabelindent=\dimen112
\IEEElabelindent=\dimen113
\IEEEiednormlabelsep=\dimen114
\IEEEiedmathlabelsep=\dimen115
\IEEEiedtopsep=\skip41
\c@section=\count82
\c@subsection=\count83
\c@subsubsection=\count84
\c@paragraph=\count85
\c@IEEEsubequation=\count86
\abovecaptionskip=\skip42
\belowcaptionskip=\skip43
\c@figure=\count87
\c@table=\count88
\@IEEEeqnnumcols=\count89
\@IEEEeqncolcnt=\count90
\@IEEEtmpitemindent=\dimen116
\c@IEEEbiography=\count91
\@IEEEtranrubishbin=\box27
)
** ATTENTION: Overriding command lockouts (line 4).

(C:\Users\cbenissa20\AppData\Roaming\MiKTeX\2.9\tex/latex/algorithms\algorithm.
sty
Package: algorithm 2009/08/24 v0.1 Document Style `algorithm' - floating enviro
nment
 ("C:\Program Files\MiKTeX 2.9\tex/latex/float\float.sty"
Package: float 2001/11/08 v1.3d Float enhancements (AL)
\c@float@type=\count92
\float@exts=\toks15
\float@box=\box28
\@float@everytoks=\toks16
\@floatcapt=\box29
)
("C:\Program Files\MiKTeX 2.9\tex/latex/base\ifthen.sty"
Package: ifthen 2014/09/29 v1.1c Standard LaTeX ifthen package (DPC)
)
\@float@every@algorithm=\toks17
\c@algorithm=\count93
)
(C:\Users\cbenissa20\AppData\Roaming\MiKTeX\2.9\tex/latex/algorithms\algorithmi
c.sty
Package: algorithmic 2009/08/24 v0.1 Document Style `algorithmic'
 ("C:\Program Files\MiKTeX 2.9\tex/latex/graphics\keyval.sty"
Package: keyval 2014/10/28 v1.15 key=value parser (DPC)
\KV@toks@=\toks18
)
\c@ALC@unique=\count94
\c@ALC@line=\count95
\c@ALC@rem=\count96
\c@ALC@depth=\count97
\ALC@tlm=\skip44
\algorithmicindent=\skip45
)
("C:\Program Files\MiKTeX 2.9\tex/latex/multirow\multirow.sty"
Package: multirow 2019/01/01 v2.4 Span multiple rows of a table
\multirow@colwidth=\skip46
\multirow@cntb=\count98
\multirow@dima=\skip47
\bigstrutjot=\dimen117
)
("C:\Program Files\MiKTeX 2.9\tex/latex/tools\hhline.sty"
Package: hhline 2014/10/28 v2.03 Table rule package (DPC)
)
("C:\Program Files\MiKTeX 2.9\tex/latex/hyperref\hyperref.sty"
Package: hyperref 2018/11/30 v6.88e Hypertext links for LaTeX

(C:\Users\cbenissa20\AppData\Roaming\MiKTeX\2.9\tex/latex/hobsub\hobsub-hyperre
f.sty
Package: hobsub-hyperref 2019-11-14
hobsub not currently supported, see hobsub.dtx to extract original code
 ("C:\Program Files\MiKTeX 2.9\tex/generic/oberdiek\ltxcmds.sty"
Package: ltxcmds 2016/05/16 v1.23 LaTeX kernel commands for general use (HO)
)
(C:\Users\cbenissa20\AppData\Roaming\MiKTeX\2.9\tex/generic/iftex\ifvtex.sty
Package: ifvtex 2019/10/25 v1.7 ifvtex legacy package. Use iftex instead.

(C:\Users\cbenissa20\AppData\Roaming\MiKTeX\2.9\tex/generic/iftex\iftex.sty
Package: iftex 2020/03/06 v1.0d TeX engine tests
))
(C:\Users\cbenissa20\AppData\Roaming\MiKTeX\2.9\tex/latex/pdftexcmds\pdftexcmds
.sty
Package: pdftexcmds 2019/11/24 v0.31 Utility functions of pdfTeX for LuaTeX (HO
)
 ("C:\Program Files\MiKTeX 2.9\tex/generic/oberdiek\infwarerr.sty"
Package: infwarerr 2016/05/16 v1.4 Providing info/warning/error messages (HO)
)
Package pdftexcmds Info: \pdf@primitive is available.
Package pdftexcmds Info: \pdf@ifprimitive is available.
Package pdftexcmds Info: \pdfdraftmode found.
)
("C:\Program Files\MiKTeX 2.9\tex/generic/oberdiek\kvsetkeys.sty"
Package: kvsetkeys 2016/05/16 v1.17 Key value parser (HO)

("C:\Program Files\MiKTeX 2.9\tex/generic/oberdiek\etexcmds.sty"
Package: etexcmds 2016/05/16 v1.6 Avoid name clashes with e-TeX commands (HO)

(C:\Users\cbenissa20\AppData\Roaming\MiKTeX\2.9\tex/generic/iftex\ifluatex.sty
Package: ifluatex 2019/10/25 v1.5 ifluatex legacy package. Use iftex instead.
))) ("C:\Program Files\MiKTeX 2.9\tex/generic/oberdiek\kvdefinekeys.sty"
Package: kvdefinekeys 2016/05/16 v1.4 Define keys (HO)
)
("C:\Program Files\MiKTeX 2.9\tex/generic/oberdiek\pdfescape.sty"
Package: pdfescape 2016/05/16 v1.14 Implements pdfTeX's escape features (HO)
)
("C:\Program Files\MiKTeX 2.9\tex/latex/oberdiek\hycolor.sty"
Package: hycolor 2016/05/16 v1.8 Color options for hyperref/bookmark (HO)

("C:\Program Files\MiKTeX 2.9\tex/latex/oberdiek\xcolor-patch.sty"
Package: xcolor-patch 2016/05/16 xcolor patch

("C:\Program Files\MiKTeX 2.9\tex/latex/oberdiek\hopatch.sty"
Package: hopatch 2016/05/16 v1.3 Wrapper for package hooks (HO)
)))
("C:\Program Files\MiKTeX 2.9\tex/latex/oberdiek\letltxmacro.sty"
Package: letltxmacro 2016/05/16 v1.5 Let assignment for LaTeX macros (HO)
))
("C:\Program Files\MiKTeX 2.9\tex/latex/oberdiek\auxhook.sty"
Package: auxhook 2016/05/16 v1.4 Hooks for auxiliary files (HO)
)
(C:\Users\cbenissa20\AppData\Roaming\MiKTeX\2.9\tex/generic/iftex\ifpdf.sty
Package: ifpdf 2019/10/25 v3.4 ifpdf legacy package. Use iftex instead.
)
(C:\Users\cbenissa20\AppData\Roaming\MiKTeX\2.9\tex/generic/iftex\ifxetex.sty
Package: ifxetex 2019/10/25 v0.7 ifxetex legacy package. Use iftex instead.
)
("C:\Program Files\MiKTeX 2.9\tex/latex/oberdiek\kvoptions.sty"
Package: kvoptions 2016/05/16 v3.12 Key value format for package options (HO)
)
\@linkdim=\dimen118
\Hy@linkcounter=\count99
\Hy@pagecounter=\count100

("C:\Program Files\MiKTeX 2.9\tex/latex/hyperref\pd1enc.def"
File: pd1enc.def 2018/11/30 v6.88e Hyperref: PDFDocEncoding definition (HO)
Now handling font encoding PD1 ...
... no UTF-8 mapping file for font encoding PD1
)
("C:\Program Files\MiKTeX 2.9\tex/generic/oberdiek\intcalc.sty"
Package: intcalc 2016/05/16 v1.2 Expandable calculations with integers (HO)
)
\Hy@SavedSpaceFactor=\count101

("C:\Program Files\MiKTeX 2.9\tex/latex/00miktex\hyperref.cfg"
File: hyperref.cfg 2002/06/06 v1.2 hyperref configuration of TeXLive
)
Package hyperref Info: Hyper figures OFF on input line 4519.
Package hyperref Info: Link nesting OFF on input line 4524.
Package hyperref Info: Hyper index ON on input line 4527.
Package hyperref Info: Plain pages OFF on input line 4534.
Package hyperref Info: Backreferencing OFF on input line 4539.
Package hyperref Info: Implicit mode ON; LaTeX internals redefined.
Package hyperref Info: Bookmarks ON on input line 4772.
\c@Hy@tempcnt=\count102

(C:\Users\cbenissa20\AppData\Roaming\MiKTeX\2.9\tex/latex/url\url.sty
\Urlmuskip=\muskip10
Package: url 2013/09/16  ver 3.4  Verb mode for urls, etc.
)
LaTeX Info: Redefining \url on input line 5125.
\XeTeXLinkMargin=\dimen119

("C:\Program Files\MiKTeX 2.9\tex/generic/oberdiek\bitset.sty"
Package: bitset 2016/05/16 v1.2 Handle bit-vector datatype (HO)

("C:\Program Files\MiKTeX 2.9\tex/generic/oberdiek\bigintcalc.sty"
Package: bigintcalc 2016/05/16 v1.4 Expandable calculations on big integers (HO
)
))
\Fld@menulength=\count103
\Field@Width=\dimen120
\Fld@charsize=\dimen121
Package hyperref Info: Hyper figures OFF on input line 6380.
Package hyperref Info: Link nesting OFF on input line 6385.
Package hyperref Info: Hyper index ON on input line 6388.
Package hyperref Info: backreferencing OFF on input line 6395.
Package hyperref Info: Link coloring OFF on input line 6400.
Package hyperref Info: Link coloring with OCG OFF on input line 6405.
Package hyperref Info: PDF/A mode OFF on input line 6410.
LaTeX Info: Redefining \ref on input line 6450.
LaTeX Info: Redefining \pageref on input line 6454.

("C:\Program Files\MiKTeX 2.9\tex/generic/oberdiek\atbegshi.sty"
Package: atbegshi 2016/06/09 v1.18 At begin shipout hook (HO)
)
\Hy@abspage=\count104
\c@Item=\count105
\c@Hfootnote=\count106
)
Package hyperref Info: Driver (autodetected): hpdftex.

("C:\Program Files\MiKTeX 2.9\tex/latex/hyperref\hpdftex.def"
File: hpdftex.def 2018/11/30 v6.88e Hyperref driver for pdfTeX

("C:\Program Files\MiKTeX 2.9\tex/latex/oberdiek\atveryend.sty"
Package: atveryend 2016/05/16 v1.9 Hooks at the very end of document (HO)
Package atveryend Info: \enddocument detected (standard20110627).
)
\Fld@listcount=\count107
\c@bookmark@seq@number=\count108

("C:\Program Files\MiKTeX 2.9\tex/latex/oberdiek\rerunfilecheck.sty"
Package: rerunfilecheck 2016/05/16 v1.8 Rerun checks for auxiliary files (HO)

("C:\Program Files\MiKTeX 2.9\tex/generic/oberdiek\uniquecounter.sty"
Package: uniquecounter 2016/05/16 v1.3 Provide unlimited unique counter (HO)
)
Package uniquecounter Info: New unique counter `rerunfilecheck' on input line 2
82.
)
\Hy@SectionHShift=\skip48
)
\c@remark=\count109
\c@theorem=\count110
\c@proposition=\count111
\c@lemma=\count112
\c@definition=\count113
\c@proof=\count114

("C:\Program Files\MiKTeX 2.9\tex/latex/tools\tabularx.sty"
Package: tabularx 2016/02/03 v2.11b `tabularx' package (DPC)

("C:\Program Files\MiKTeX 2.9\tex/latex/tools\array.sty"
Package: array 2018/12/30 v2.4k Tabular extension package (FMi)
\col@sep=\dimen122
\ar@mcellbox=\box30
\extrarowheight=\dimen123
\NC@list=\toks19
\extratabsurround=\skip49
\backup@length=\skip50
\ar@cellbox=\box31
)
\TX@col@width=\dimen124
\TX@old@table=\dimen125
\TX@old@col=\dimen126
\TX@target=\dimen127
\TX@delta=\dimen128
\TX@cols=\count115
\TX@ftn=\toks20
)
(C:\Users\cbenissa20\AppData\Roaming\MiKTeX\2.9\tex/latex/booktabs\booktabs.sty
Package: booktabs 2020/01/12 v1.61803398 Publication quality tables
\heavyrulewidth=\dimen129
\lightrulewidth=\dimen130
\cmidrulewidth=\dimen131
\belowrulesep=\dimen132
\belowbottomsep=\dimen133
\aboverulesep=\dimen134
\abovetopsep=\dimen135
\cmidrulesep=\dimen136
\cmidrulekern=\dimen137
\defaultaddspace=\dimen138
\@cmidla=\count116
\@cmidlb=\count117
\@aboverulesep=\dimen139
\@belowrulesep=\dimen140
\@thisruleclass=\count118
\@lastruleclass=\count119
\@thisrulewidth=\dimen141
) (C:\Users\cbenissa20\AppData\Roaming\MiKTeX\2.9\tex/latex/cite\cite.sty
LaTeX Info: Redefining \cite on input line 302.
LaTeX Info: Redefining \nocite on input line 332.
Package: cite 2015/02/27  v 5.5
)
("C:\Program Files\MiKTeX 2.9\tex/latex/tools\bm.sty"
Package: bm 2017/01/16 v1.2c Bold Symbol Support (DPC/FMi)
\symboldoperators=\mathgroup4
\symboldletters=\mathgroup5
\symboldsymbols=\mathgroup6
LaTeX Font Info:    Redeclaring math alphabet \mathbf on input line 141.
LaTeX Info: Redefining \bm on input line 207.
)
("C:\Program Files\MiKTeX 2.9\tex/latex/amsmath\amsmath.sty"
Package: amsmath 2018/12/01 v2.17b AMS math features
\@mathmargin=\skip51

For additional information on amsmath, use the `?' option.
("C:\Program Files\MiKTeX 2.9\tex/latex/amsmath\amstext.sty"
Package: amstext 2000/06/29 v2.01 AMS text

("C:\Program Files\MiKTeX 2.9\tex/latex/amsmath\amsgen.sty"
File: amsgen.sty 1999/11/30 v2.0 generic functions
\@emptytoks=\toks21
\ex@=\dimen142
))
("C:\Program Files\MiKTeX 2.9\tex/latex/amsmath\amsbsy.sty"
Package: amsbsy 1999/11/29 v1.2d Bold Symbols
LaTeX Info: Redefining \boldsymbol on input line 28.
\pmbraise@=\dimen143
)
("C:\Program Files\MiKTeX 2.9\tex/latex/amsmath\amsopn.sty"
Package: amsopn 2016/03/08 v2.02 operator names
)
\inf@bad=\count120
LaTeX Info: Redefining \frac on input line 223.
\uproot@=\count121
\leftroot@=\count122
LaTeX Info: Redefining \overline on input line 385.
\classnum@=\count123
\DOTSCASE@=\count124
LaTeX Info: Redefining \ldots on input line 482.
LaTeX Info: Redefining \dots on input line 485.
LaTeX Info: Redefining \cdots on input line 606.
\Mathstrutbox@=\box32
\strutbox@=\box33
\big@size=\dimen144
LaTeX Font Info:    Redeclaring font encoding OML on input line 729.
LaTeX Font Info:    Redeclaring font encoding OMS on input line 730.
\macc@depth=\count125
\c@MaxMatrixCols=\count126
\dotsspace@=\muskip11
\c@parentequation=\count127
\dspbrk@lvl=\count128
\tag@help=\toks22
\row@=\count129
\column@=\count130
\maxfields@=\count131
\andhelp@=\toks23
\eqnshift@=\dimen145
\alignsep@=\dimen146
\tagshift@=\dimen147
\tagwidth@=\dimen148
\totwidth@=\dimen149
\lineht@=\dimen150
\@envbody=\toks24
\multlinegap=\skip52
\multlinetaggap=\skip53
\mathdisplay@stack=\toks25
LaTeX Info: Redefining \[ on input line 2844.
LaTeX Info: Redefining \] on input line 2845.
)
("C:\Program Files\MiKTeX 2.9\tex/latex/graphics\graphicx.sty"
Package: graphicx 2017/06/01 v1.1a Enhanced LaTeX Graphics (DPC,SPQR)

("C:\Program Files\MiKTeX 2.9\tex/latex/graphics\graphics.sty"
Package: graphics 2017/06/25 v1.2c Standard LaTeX Graphics (DPC,SPQR)

("C:\Program Files\MiKTeX 2.9\tex/latex/graphics\trig.sty"
Package: trig 2016/01/03 v1.10 sin cos tan (DPC)
)
("C:\Program Files\MiKTeX 2.9\tex/latex/graphics-cfg\graphics.cfg"
File: graphics.cfg 2016/06/04 v1.11 sample graphics configuration
)
Package graphics Info: Driver file: pdftex.def on input line 99.

("C:\Program Files\MiKTeX 2.9\tex/latex/graphics-def\pdftex.def"
File: pdftex.def 2018/01/08 v1.0l Graphics/color driver for pdftex
))
\Gin@req@height=\dimen151
\Gin@req@width=\dimen152
)
(C:\Users\cbenissa20\AppData\Roaming\MiKTeX\2.9\tex/latex/placeins\placeins.sty
Package: placeins 2005/04/18  v 2.2
) ("C:\Program Files\MiKTeX 2.9\tex/latex/graphics\epsfig.sty"
Package: epsfig 2017/06/25 v1.7b (e)psfig emulation (SPQR)
\epsfxsize=\dimen153
\epsfysize=\dimen154
)
("C:\Program Files\MiKTeX 2.9\tex/latex/oberdiek\epstopdf.sty"
Package: epstopdf 2016/05/15 v2.6 Conversion with epstopdf on the fly (HO)

("C:\Program Files\MiKTeX 2.9\tex/latex/oberdiek\epstopdf-base.sty"
Package: epstopdf-base 2016/05/15 v2.6 Base part for package epstopdf

("C:\Program Files\MiKTeX 2.9\tex/latex/oberdiek\grfext.sty"
Package: grfext 2016/05/16 v1.2 Manage graphics extensions (HO)
)
Package epstopdf-base Info: Redefining graphics rule for `.eps' on input line 4
38.
Package grfext Info: Graphics extension search list:
(grfext)             [.pdf,.png,.jpg,.mps,.jpeg,.jbig2,.jb2,.PDF,.PNG,.JPG,.JPE
G,.JBIG2,.JB2,.eps]
(grfext)             \AppendGraphicsExtensions on input line 456.
))
("C:\Program Files\MiKTeX 2.9\tex/latex/amsfonts\amssymb.sty"
Package: amssymb 2013/01/14 v3.01 AMS font symbols

("C:\Program Files\MiKTeX 2.9\tex/latex/amsfonts\amsfonts.sty"
Package: amsfonts 2013/01/14 v3.01 Basic AMSFonts support
\symAMSa=\mathgroup7
\symAMSb=\mathgroup8
LaTeX Font Info:    Overwriting math alphabet `\mathfrak' in version `bold'
(Font)                  U/euf/m/n --> U/euf/b/n on input line 106.
))
(C:\Users\cbenissa20\AppData\Roaming\MiKTeX\2.9\tex/latex/bbm\bbm.sty
Package: bbm 1999/03/15 V 1.2 provides fonts for set symbols - TH
LaTeX Font Info:    Overwriting math alphabet `\mathbbm' in version `bold'
(Font)                  U/bbm/m/n --> U/bbm/bx/n on input line 33.
LaTeX Font Info:    Overwriting math alphabet `\mathbbmss' in version `bold'
(Font)                  U/bbmss/m/n --> U/bbmss/bx/n on input line 35.
)
(C:\Users\cbenissa20\AppData\Roaming\MiKTeX\2.9\tex/latex/caption\caption.sty
Package: caption 2020/01/03 v3.4h Customizing captions (AR)

(C:\Users\cbenissa20\AppData\Roaming\MiKTeX\2.9\tex/latex/caption\caption3.sty
Package: caption3 2020/01/03 v1.8h caption3 kernel (AR)
Package caption3 Info: TeX engine: e-TeX on input line 61.
\captionmargin=\dimen155
\captionmargin@=\dimen156
\captionwidth=\dimen157
\caption@tempdima=\dimen158
\caption@indent=\dimen159
\caption@parindent=\dimen160
\caption@hangindent=\dimen161
Package caption Info: Unknown document class (or package),
(caption)             standard defaults will be used.
Package caption Info: \@makecaption = \long macro:#1#2->\ifx \@captype \@IEEEta
blestring \footnotesize \begin {center}{\normalfont \footnotesize #1}\\{\normal
font \footnotesize \scshape #2}\end {center}\@IEEEtablecaptionsepspace \else \@
IEEEfigurecaptionsepspace \setbox \@tempboxa \hbox {\normalfont \footnotesize {
#1.}~~ #2}\ifdim \wd \@tempboxa >\hsize \setbox \@tempboxa \hbox {\normalfont \
footnotesize {#1.}~~ }\parbox [t]{\hsize }{\normalfont \footnotesize \noindent 
\unhbox \@tempboxa #2}\else \ifCLASSOPTIONconference \hbox to\hsize {\normalfon
t \footnotesize \hfil \box \@tempboxa \hfil }\else \hbox to\hsize {\normalfont 
\footnotesize \box \@tempboxa \hfil }\fi \fi \fi  on input line 1082.
)

Package caption Warning: Unknown document class (or package),
(caption)                standard defaults will be used.
See the caption package documentation for explanation.

\c@caption@flags=\count132
\c@continuedfloat=\count133
Package caption Info: float package is loaded.
Package caption Info: hyperref package is loaded.
) (C:\Users\cbenissa20\AppData\Roaming\MiKTeX\2.9\tex/latex/comment\comment.sty
\CommentStream=\write3
Excluding comment 'comment')
(C:\Users\cbenissa20\AppData\Roaming\MiKTeX\2.9\tex/latex/caption\subcaption.st
y
Package: subcaption 2020/01/22 v1.3d Sub-captions (AR)
\c@subfigure=\count134
\c@subtable=\count135
) ("C:\Program Files\MiKTeX 2.9\tex/latex/pstricks\pstricks.sty"
Package: pstricks 2018/12/21 v0.69 LaTeX wrapper for `PSTricks' (RN,HV)

("C:\Program Files\MiKTeX 2.9\tex/latex/tools\shellesc.sty"
Package: shellesc 2016/06/07 v0.02a unified shell escape interface for LaTeX
Package shellesc Info: Restricted shell escape enabled on input line 69.
)
(C:\Users\cbenissa20\AppData\Roaming\MiKTeX\2.9\tex/latex/xcolor\xcolor.sty
Package: xcolor 2016/05/11 v2.12 LaTeX color extensions (UK)

("C:\Program Files\MiKTeX 2.9\tex/latex/graphics-cfg\color.cfg"
File: color.cfg 2016/01/02 v1.6 sample color configuration
)
Package xcolor Info: Driver file: pdftex.def on input line 225.
Package xcolor Info: Model `cmy' substituted by `cmy0' on input line 1348.
Package xcolor Info: Model `hsb' substituted by `rgb' on input line 1352.
Package xcolor Info: Model `RGB' extended on input line 1364.
Package xcolor Info: Model `HTML' substituted by `rgb' on input line 1366.
Package xcolor Info: Model `Hsb' substituted by `hsb' on input line 1367.
Package xcolor Info: Model `tHsb' substituted by `hsb' on input line 1368.
Package xcolor Info: Model `HSB' substituted by `hsb' on input line 1369.
Package xcolor Info: Model `Gray' substituted by `gray' on input line 1370.
Package xcolor Info: Model `wave' substituted by `hsb' on input line 1371.
)
("C:\Program Files\MiKTeX 2.9\tex/generic/xkeyval\pst-xkey.tex"
File: pst-xkey.tex 2005/11/25 v1.6 PSTricks specialization of xkeyval (HA)

("C:\Program Files\MiKTeX 2.9\tex/latex/xkeyval\xkeyval.sty"
Package: xkeyval 2014/12/03 v2.7a package option processing (HA)

("C:\Program Files\MiKTeX 2.9\tex/generic/xkeyval\xkeyval.tex"
("C:\Program Files\MiKTeX 2.9\tex/generic/xkeyval\xkvutils.tex"
\XKV@toks=\toks26
\XKV@tempa@toks=\toks27
)
\XKV@depth=\count136
File: xkeyval.tex 2014/12/03 v2.7a key=value parser (HA)
)))
("C:\Program Files\MiKTeX 2.9\tex/generic/pstricks\pstricks.tex"
("C:\Program Files\MiKTeX 2.9\tex/generic/pstricks\pst-fp.tex"
`pst-fp' v0.05, 2010/01/17 (hv)
\pstFP@xs=\count137
\pstFP@xia=\count138
\pstFP@xib=\count139
\pstFP@xfa=\count140
\pstFP@xfb=\count141
\pstFP@rega=\count142
\pstFP@regb=\count143
\pstFP@regs=\count144
\pstFP@times=\count145
)
(C:\Users\cbenissa20\AppData\Roaming\MiKTeX\2.9\tex/generic/pgf/utilities\pgfut
il-common.tex
\pgfutil@everybye=\toks28
\pgfutil@tempdima=\dimen162
\pgfutil@tempdimb=\dimen163

(C:\Users\cbenissa20\AppData\Roaming\MiKTeX\2.9\tex/generic/pgf/utilities\pgfut
il-common-lists.tex))
(C:\Users\cbenissa20\AppData\Roaming\MiKTeX\2.9\tex/generic/pgf/utilities\pgfke
ys.code.tex
\pgfkeys@pathtoks=\toks29
\pgfkeys@temptoks=\toks30

(C:\Users\cbenissa20\AppData\Roaming\MiKTeX\2.9\tex/generic/pgf/utilities\pgfke
ysfiltered.code.tex
\pgfkeys@tmptoks=\toks31
))
(C:\Users\cbenissa20\AppData\Roaming\MiKTeX\2.9\tex/generic/pgf/utilities\pgffo
r.code.tex
Loading pgffor.code.tex

(C:\Users\cbenissa20\AppData\Roaming\MiKTeX\2.9\tex/generic/pgf/math\pgfmath.co
de.tex
(C:\Users\cbenissa20\AppData\Roaming\MiKTeX\2.9\tex/generic/pgf/math\pgfmathcal
c.code.tex
(C:\Users\cbenissa20\AppData\Roaming\MiKTeX\2.9\tex/generic/pgf/math\pgfmathuti
l.code.tex
\pgf@x=\dimen164
\pgf@xa=\dimen165
\pgf@xb=\dimen166
\pgf@xc=\dimen167
\pgf@y=\dimen168
\pgf@ya=\dimen169
\pgf@yb=\dimen170
\pgf@yc=\dimen171
\c@pgf@counta=\count146
\c@pgf@countb=\count147
\c@pgf@countc=\count148
\c@pgf@countd=\count149
\pgfutil@tempcnta=\count150
\pgfutil@tempcntb=\count151
)
(C:\Users\cbenissa20\AppData\Roaming\MiKTeX\2.9\tex/generic/pgf/math\pgfmathpar
ser.code.tex
\pgfmath@dimen=\dimen172
\pgfmath@count=\count152
\pgfmath@box=\box34
\pgfmath@toks=\toks32
\pgfmath@stack@operand=\toks33
\pgfmath@stack@operation=\toks34
)
(C:\Users\cbenissa20\AppData\Roaming\MiKTeX\2.9\tex/generic/pgf/math\pgfmathfun
ctions.code.tex
(C:\Users\cbenissa20\AppData\Roaming\MiKTeX\2.9\tex/generic/pgf/math\pgfmathfun
ctions.basic.code.tex)
(C:\Users\cbenissa20\AppData\Roaming\MiKTeX\2.9\tex/generic/pgf/math\pgfmathfun
ctions.trigonometric.code.tex)
(C:\Users\cbenissa20\AppData\Roaming\MiKTeX\2.9\tex/generic/pgf/math\pgfmathfun
ctions.random.code.tex)
(C:\Users\cbenissa20\AppData\Roaming\MiKTeX\2.9\tex/generic/pgf/math\pgfmathfun
ctions.comparison.code.tex)
(C:\Users\cbenissa20\AppData\Roaming\MiKTeX\2.9\tex/generic/pgf/math\pgfmathfun
ctions.base.code.tex)
(C:\Users\cbenissa20\AppData\Roaming\MiKTeX\2.9\tex/generic/pgf/math\pgfmathfun
ctions.round.code.tex)
(C:\Users\cbenissa20\AppData\Roaming\MiKTeX\2.9\tex/generic/pgf/math\pgfmathfun
ctions.misc.code.tex)
(C:\Users\cbenissa20\AppData\Roaming\MiKTeX\2.9\tex/generic/pgf/math\pgfmathfun
ctions.integerarithmetics.code.tex)))
(C:\Users\cbenissa20\AppData\Roaming\MiKTeX\2.9\tex/generic/pgf/math\pgfmathflo
at.code.tex
\c@pgfmathroundto@lastzeros=\count153
))
\pgffor@iter=\dimen173
\pgffor@skip=\dimen174
\pgffor@stack=\toks35
\pgffor@toks=\toks36
)
\psLoopIndex=\count154

`PSTricks' v2.97  <2019/05/11> (tvz,hv)
\pst@dima=\dimen175
\pst@dimb=\dimen176
\pst@dimc=\dimen177
\pst@dimd=\dimen178
\pst@dimg=\dimen179
\pst@dimh=\dimen180
\pst@dimm=\dimen181
\pst@dimn=\dimen182
\pst@dimo=\dimen183
\pst@dimp=\dimen184
\pst@hbox=\box35
\pst@ibox=\box36
\pst@boxg=\box37
\pst@cnta=\count155
\pst@cntb=\count156
\pst@cntc=\count157
\pst@cntd=\count158
\pst@cntg=\count159
\pst@cnth=\count160
\pst@cntm=\count161
\pst@cntn=\count162
\pst@cnto=\count163
\pst@cntp=\count164
\@zero=\count165
\pst@toks=\toks37
("C:\Program Files\MiKTeX 2.9\tex/generic/pstricks\pstricks.con")
\psunit=\dimen185
\psxunit=\dimen186
\psyunit=\dimen187
\pst@C@@rType=\count166
\pslinewidth=\dimen188
\psk@startLW=\dimen189
\psk@endLW=\dimen190
\pst@customdefs=\toks38
\pslinearc=\dimen191
\pst@symbolStep=\dimen192
\pst@symbolWidth=\dimen193
\pst@symbolLinewidth=\dimen194
\everypsbox=\toks39
\psframesep=\dimen195
\pslabelsep=\dimen196
\sh@wgridXunit=\dimen197
\sh@wgridYunit=\dimen198
\pst@shift=\dimen199
)
File: pstricks.tex 2019/05/11 v2.97 `PSTricks' (tvz,hv)

("C:\Program Files\MiKTeX 2.9\tex/generic/pstricks\pst-fp.tex")
File: pst-fp.tex 2019/05/11 v2.97 `PST-fp' (hv)
)
(C:\Users\cbenissa20\AppData\Roaming\MiKTeX\2.9\tex/latex/subfloat\subfloat.sty
Package: subfloat 2003/08/21 version 2.14
Package `subfloat', Version 2.14 of 2003/08/21.

Package subfloat Warning: Numbers of floats not counted:
(subfloat)                If you use one of the counters subfloatfiguremax or
(subfloat)                subfloattablemax you will get strange error messages
(subfloat)                containing \c@subfloatfiguremax or
(subfloat)                \c@subfloattablemax:
(subfloat)                Please switch on countmax or remove the code using
(subfloat)                the counter then..

)
(C:\Users\cbenissa20\AppData\Roaming\MiKTeX\2.9\tex/latex/setspace\setspace.sty
Package: setspace 2011/12/19 v6.7a set line spacing
) ("C:\Program Files\MiKTeX 2.9\tex/latex/geometry\geometry.sty"
Package: geometry 2018/04/16 v5.8 Page Geometry
\Gm@cnth=\count167
\Gm@cntv=\count168
\c@Gm@tempcnt=\count169
\Gm@bindingoffset=\dimen256
\Gm@wd@mp=\dimen257
\Gm@odd@mp=\dimen258
\Gm@even@mp=\dimen259
\Gm@layoutwidth=\dimen260
\Gm@layoutheight=\dimen261
\Gm@layouthoffset=\dimen262
\Gm@layoutvoffset=\dimen263
\Gm@dimlist=\toks40

("C:\Program Files\MiKTeX 2.9\tex/latex/geometry\geometry.cfg"))
(C:\Users\cbenissa20\AppData\Roaming\MiKTeX\2.9\tex/latex/xpatch\xpatch.sty
(C:\Users\cbenissa20\AppData\Roaming\MiKTeX\2.9\tex/latex/l3kernel\expl3.sty
Package: expl3 2020-05-15 L3 programming layer (loader) 

(C:\Users\cbenissa20\AppData\Roaming\MiKTeX\2.9\tex/latex/l3kernel\expl3-code.t
ex
Package: expl3 2020-05-15 L3 programming layer (code)
\c_max_int=\count170
\l_tmpa_int=\count171
\l_tmpb_int=\count172
\g_tmpa_int=\count173
\g_tmpb_int=\count174
\l__seq_internal_a_int=\count175
\l__seq_internal_b_int=\count176
\g__kernel_prg_map_int=\count177
\c__ior_term_noprompt_ior=\count178
\c_log_iow=\count179
\l_iow_line_count_int=\count180
\l__iow_line_target_int=\count181
\l__iow_one_indent_int=\count182
\l__iow_indent_int=\count183
\c_zero_dim=\dimen264
\c_max_dim=\dimen265
\l_tmpa_dim=\dimen266
\l_tmpb_dim=\dimen267
\g_tmpa_dim=\dimen268
\g_tmpb_dim=\dimen269
\c_zero_skip=\skip54
\c_max_skip=\skip55
\l_tmpa_skip=\skip56
\l_tmpb_skip=\skip57
\g_tmpa_skip=\skip58
\g_tmpb_skip=\skip59
\c_zero_muskip=\muskip12
\c_max_muskip=\muskip13
\l_tmpa_muskip=\muskip14
\l_tmpb_muskip=\muskip15
\g_tmpa_muskip=\muskip16
\g_tmpb_muskip=\muskip17
\l_keys_choice_int=\count184
\l__intarray_loop_int=\count185
\c__intarray_sp_dim=\dimen270
\g__intarray_font_int=\count186
\c__fp_leading_shift_int=\count187
\c__fp_middle_shift_int=\count188
\c__fp_trailing_shift_int=\count189
\c__fp_big_leading_shift_int=\count190
\c__fp_big_middle_shift_int=\count191
\c__fp_big_trailing_shift_int=\count192
\c__fp_Bigg_leading_shift_int=\count193
\c__fp_Bigg_middle_shift_int=\count194
\c__fp_Bigg_trailing_shift_int=\count195
\c__kernel_randint_max_int=\count196
\g__fp_array_int=\count197
\l__fp_array_loop_int=\count198
\l__sort_length_int=\count199
\l__sort_min_int=\count266
\l__sort_top_int=\count267
\l__sort_max_int=\count268
\l__sort_true_max_int=\count269
\l__sort_block_int=\count270
\l__sort_begin_int=\count271
\l__sort_end_int=\count272
\l__sort_A_int=\count273
\l__sort_B_int=\count274
\l__sort_C_int=\count275
\l__str_internal_int=\count276
\c__str_replacement_char_int=\count277
\l__tl_analysis_normal_int=\count278
\l__tl_analysis_index_int=\count279
\l__tl_analysis_nesting_int=\count280
\l__tl_analysis_type_int=\count281
\l__regex_internal_a_int=\count282
\l__regex_internal_b_int=\count283
\l__regex_internal_c_int=\count284
\l__regex_balance_int=\count285
\l__regex_group_level_int=\count286
\l__regex_mode_int=\count287
\c__regex_cs_in_class_mode_int=\count288
\c__regex_cs_mode_int=\count289
\l__regex_catcodes_int=\count290
\l__regex_default_catcodes_int=\count291
\c__regex_catcode_D_int=\count292
\c__regex_catcode_S_int=\count293
\c__regex_catcode_L_int=\count294
\c__regex_catcode_O_int=\count295
\c__regex_catcode_A_int=\count296
\c__regex_all_catcodes_int=\count297
\l__regex_show_lines_int=\count298
\l__regex_min_state_int=\count299
\l__regex_max_state_int=\count300
\l__regex_left_state_int=\count301
\l__regex_right_state_int=\count302
\l__regex_capturing_group_int=\count303
\l__regex_min_pos_int=\count304
\l__regex_max_pos_int=\count305
\l__regex_curr_pos_int=\count306
\l__regex_start_pos_int=\count307
\l__regex_success_pos_int=\count308
\l__regex_curr_char_int=\count309
\l__regex_curr_catcode_int=\count310
\l__regex_last_char_int=\count311
\l__regex_case_changed_char_int=\count312
\l__regex_curr_state_int=\count313
\l__regex_step_int=\count314
\l__regex_min_active_int=\count315
\l__regex_max_active_int=\count316
\l__regex_replacement_csnames_int=\count317
\l__regex_match_count_int=\count318
\l__regex_min_submatch_int=\count319
\l__regex_submatch_int=\count320
\l__regex_zeroth_submatch_int=\count321
\g__regex_trace_regex_int=\count322
\c_empty_box=\box38
\l_tmpa_box=\box39
\l_tmpb_box=\box40
\g_tmpa_box=\box41
\g_tmpb_box=\box42
\l__box_top_dim=\dimen271
\l__box_bottom_dim=\dimen272
\l__box_left_dim=\dimen273
\l__box_right_dim=\dimen274
\l__box_top_new_dim=\dimen275
\l__box_bottom_new_dim=\dimen276
\l__box_left_new_dim=\dimen277
\l__box_right_new_dim=\dimen278
\l__box_internal_box=\box43
\l__coffin_internal_box=\box44
\l__coffin_internal_dim=\dimen279
\l__coffin_offset_x_dim=\dimen280
\l__coffin_offset_y_dim=\dimen281
\l__coffin_x_dim=\dimen282
\l__coffin_y_dim=\dimen283
\l__coffin_x_prime_dim=\dimen284
\l__coffin_y_prime_dim=\dimen285
\c_empty_coffin=\box45
\l__coffin_aligned_coffin=\box46
\l__coffin_aligned_internal_coffin=\box47
\l_tmpa_coffin=\box48
\l_tmpb_coffin=\box49
\g_tmpa_coffin=\box50
\g_tmpb_coffin=\box51
\l__coffin_bounding_shift_dim=\dimen286
\l__coffin_left_corner_dim=\dimen287
\l__coffin_right_corner_dim=\dimen288
\l__coffin_bottom_corner_dim=\dimen289
\l__coffin_top_corner_dim=\dimen290
\l__coffin_scaled_total_height_dim=\dimen291
\l__coffin_scaled_width_dim=\dimen292
\c__coffin_empty_coffin=\box52
\l__coffin_display_coffin=\box53
\l__coffin_display_coord_coffin=\box54
\l__coffin_display_pole_coffin=\box55
\l__coffin_display_offset_dim=\dimen293
\l__coffin_display_x_dim=\dimen294
\l__coffin_display_y_dim=\dimen295
\g__char_data_ior=\read1

(C:\Users\cbenissa20\AppData\Roaming\MiKTeX\2.9\tex/latex/l3kernel\l3deprecatio
n.def
File: l3deprecation.def 2019-04-06 v L3 Deprecated functions
))
(C:\Users\cbenissa20\AppData\Roaming\MiKTeX\2.9\tex/latex/l3backend\l3backend-p
dfmode.def
File: l3backend-pdfmode.def 2020-05-05 L3 backend support: PDF mode
\l__kernel_color_stack_int=\count323
\l__pdf_internal_box=\box56
))
Package: xpatch 2020/03/25 v0.3a Extending etoolbox patching commands

(C:\Users\cbenissa20\AppData\Roaming\MiKTeX\2.9\tex/latex/l3packages/xparse\xpa
rse.sty
Package: xparse 2020-05-15 L3 Experimental document command parser

(C:\Users\cbenissa20\AppData\Roaming\MiKTeX\2.9\tex/latex/l3packages/xparse\xpa
rse-generic.tex
\l__xparse_current_arg_int=\count324
\g__xparse_grabber_int=\count325
\l__xparse_m_args_int=\count326
\l__xparse_v_nesting_int=\count327
))
(C:\Users\cbenissa20\AppData\Roaming\MiKTeX\2.9\tex/latex/etoolbox\etoolbox.sty
Package: etoolbox 2019/09/21 v2.5h e-TeX tools for LaTeX (JAW)
\etb@tempcnta=\count328
))
(C:\Users\cbenissa20\AppData\Roaming\MiKTeX\2.9\tex/latex/dblfloatfix\dblfloatf
ix.sty
Package: dblfloatfix 2012/12/31 v1.0a (JAW)
 ("C:\Program Files\MiKTeX 2.9\tex/latex/base\fixltx2e.sty"
Package: fixltx2e 2016/12/29 v2.1a fixes to LaTeX (obsolete)
Applying: [2015/01/01] Old fixltx2e package on input line 46.


Package fixltx2e Warning: fixltx2e is not required with releases after 2015
(fixltx2e)                All fixes are now in the LaTeX kernel.
(fixltx2e)                See the latexrelease package for details.

Already applied: [0000/00/00] Old fixltx2e package on input line 53.
)
\@dblbotnum=\count329
\c@dblbotnumber=\count330
) (main.aux)
\openout1 = `main.aux'.

LaTeX Font Info:    Checking defaults for OML/cmm/m/it on input line 65.
LaTeX Font Info:    ... okay on input line 65.
LaTeX Font Info:    Checking defaults for T1/cmr/m/n on input line 65.
LaTeX Font Info:    ... okay on input line 65.
LaTeX Font Info:    Checking defaults for OT1/cmr/m/n on input line 65.
LaTeX Font Info:    ... okay on input line 65.
LaTeX Font Info:    Checking defaults for OMS/cmsy/m/n on input line 65.
LaTeX Font Info:    ... okay on input line 65.
LaTeX Font Info:    Checking defaults for OMX/cmex/m/n on input line 65.
LaTeX Font Info:    ... okay on input line 65.
LaTeX Font Info:    Checking defaults for U/cmr/m/n on input line 65.
LaTeX Font Info:    ... okay on input line 65.
LaTeX Font Info:    Checking defaults for PD1/pdf/m/n on input line 65.
LaTeX Font Info:    ... okay on input line 65.
\AtBeginShipoutBox=\box57
Package hyperref Info: Link coloring OFF on input line 65.
 ("C:\Program Files\MiKTeX 2.9\tex/latex/hyperref\nameref.sty"
Package: nameref 2016/05/21 v2.44 Cross-referencing by name of section

("C:\Program Files\MiKTeX 2.9\tex/latex/oberdiek\refcount.sty"
Package: refcount 2016/05/16 v3.5 Data extraction from label references (HO)
)
("C:\Program Files\MiKTeX 2.9\tex/generic/oberdiek\gettitlestring.sty"
Package: gettitlestring 2016/05/16 v1.5 Cleanup title references (HO)
)
\c@section@level=\count331
)
LaTeX Info: Redefining \ref on input line 65.
LaTeX Info: Redefining \pageref on input line 65.
LaTeX Info: Redefining \nameref on input line 65.

(main.out) (main.out)
\@outlinefile=\write4
\openout4 = `main.out'.


(C:\Users\cbenissa20\AppData\Roaming\MiKTeX\2.9\tex/context/base/mkii\supp-pdf.
mkii
[Loading MPS to PDF converter (version 2006.09.02).]
\scratchcounter=\count332
\scratchdimen=\dimen296
\scratchbox=\box58
\nofMPsegments=\count333
\nofMParguments=\count334
\everyMPshowfont=\toks41
\MPscratchCnt=\count335
\MPscratchDim=\dimen297
\MPnumerator=\count336
\makeMPintoPDFobject=\count337
\everyMPtoPDFconversion=\toks42
)
Package caption Info: Begin \AtBeginDocument code.
Package caption Info: End \AtBeginDocument code.

*geometry* driver: auto-detecting
*geometry* detected driver: pdftex
*geometry* verbose mode - [ preamble ] result:
* driver: pdftex
* paper: <default>
* layout: <same size as paper>
* layoutoffset:(h,v)=(0.0pt,0.0pt)
* modes: 
* h-part:(L,W,R)=(41.91672pt, 530.46156pt, 41.91672pt)
* v-part:(T,H,B)=(51.31218pt, 648.26044pt, 95.39737pt)
* \paperwidth=614.295pt
* \paperheight=794.96999pt
* \textwidth=530.46156pt
* \textheight=648.26044pt
* \oddsidemargin=-30.35327pt
* \evensidemargin=-30.35327pt
* \topmargin=-51.0253pt
* \headheight=12.0pt
* \headsep=18.06749pt
* \topskip=13.92pt
* \footskip=28.90755pt
* \marginparwidth=20.0pt
* \marginparsep=10.0pt
* \columnsep=12.0pt
* \skip\footins=18.79185pt plus 8.35187pt minus 4.17593pt
* \hoffset=0.0pt
* \voffset=0.0pt
* \mag=1000
* \@twocolumnfalse
* \@twosidefalse
* \@mparswitchfalse
* \@reversemarginfalse
* (1in=72.27pt=25.4mm, 1cm=28.453pt)


LaTeX Warning: No \author given.

LaTeX Font Info:    Try loading font information for U+msa on input line 77.
("C:\Program Files\MiKTeX 2.9\tex/latex/amsfonts\umsa.fd"
File: umsa.fd 2013/01/14 v3.01 AMS symbols A
)
LaTeX Font Info:    Try loading font information for U+msb on input line 77.

("C:\Program Files\MiKTeX 2.9\tex/latex/amsfonts\umsb.fd"
File: umsb.fd 2013/01/14 v3.01 AMS symbols B
) [1
Non-PDF special ignored!
<special> header=pstricks.pro
Non-PDF special ignored!
<special> header=pst-algparser.pro
Non-PDF special ignored!
<special> header=pst-tools.pro
Non-PDF special ignored!
<special> header=pst-dots.pro
{C:/Users/cbenissa20/AppData/Local/MiKTeX/2.9/pdftex/config/pdftex.map}
Non-PDF special ignored!
<special> ps: /pssetRGBcolor /setrgbcolor load def /pssetCMYKcolor /setcmyk...
Non-PDF special ignored!
<special> ps:tx@Dict begin  gsave STV CP T /ps@rot 0 def grestore  end
Non-PDF special ignored!
<special> ps:tx@Dict begin  gsave STV CP T /ps@refangle 0.  def grestore  e...
] [2]
Package atveryend Info: Empty hook `BeforeClearDocument' on input line 207.
 [3]
Package atveryend Info: Empty hook `AfterLastShipout' on input line 207.
 (main.aux)
Package atveryend Info: Executing hook `AtVeryEndDocument' on input line 207.
Package atveryend Info: Executing hook `AtEndAfterFileList' on input line 207.


Package rerunfilecheck Warning: File `main.out' has changed.
(rerunfilecheck)                Rerun to get outlines right
(rerunfilecheck)                or use package `bookmark'.

Package rerunfilecheck Info: Checksums for `main.out':
(rerunfilecheck)             Before: 402A53E1B77A90EF0F3E16F1B23FEB04;597
(rerunfilecheck)             After:  5DF9C699C25B1178408C3523FEE5F343;894.
Package atveryend Info: Empty hook `AtVeryVeryEnd' on input line 207.
 ) 
Here is how much of TeX's memory you used:
 27651 strings out of 492895
 503519 string characters out of 3133465
 573829 words of memory out of 3000000
 31205 multiletter control sequences out of 15000+200000
 565916 words of font info for 94 fonts, out of 3000000 for 9000
 1141 hyphenation exceptions out of 8191
 42i,16n,77p,4470b,550s stack positions out of 5000i,500n,10000p,200000b,50000s
{C:/Program Files/MiKTeX 2.9/fonts/enc/dvips/base/8r.enc}<C:/Program Files/Mi
KTeX 2.9/fonts/type1/public/amsfonts/cm/cmbx12.pfb><C:/Program Files/MiKTeX 2.9
/fonts/type1/public/amsfonts/cm/cmbx8.pfb><C:/Program Files/MiKTeX 2.9/fonts/ty
pe1/public/amsfonts/cm/cmex10.pfb><C:/Program Files/MiKTeX 2.9/fonts/type1/publ
ic/amsfonts/cm/cmmi12.pfb><C:/Program Files/MiKTeX 2.9/fonts/type1/public/amsfo
nts/cm/cmmi8.pfb><C:/Program Files/MiKTeX 2.9/fonts/type1/public/amsfonts/cm/cm
mib10.pfb><C:/Program Files/MiKTeX 2.9/fonts/type1/public/amsfonts/cm/cmr12.pfb
><C:/Program Files/MiKTeX 2.9/fonts/type1/public/amsfonts/cm/cmr8.pfb><C:/Progr
am Files/MiKTeX 2.9/fonts/type1/public/amsfonts/cm/cmsy10.pfb><C:/Program Files
/MiKTeX 2.9/fonts/type1/public/amsfonts/cm/cmsy8.pfb><C:/Program Files/MiKTeX 2
.9/fonts/type1/public/amsfonts/symbols/msbm10.pfb><C:/Program Files/MiKTeX 2.9/
fonts/type1/urw/times/utmb8a.pfb><C:/Program Files/MiKTeX 2.9/fonts/type1/urw/t
imes/utmr8a.pfb><C:/Program Files/MiKTeX 2.9/fonts/type1/urw/times/utmri8a.pfb>
Output written on main.pdf (3 pages, 156156 bytes).
PDF statistics:
 144 PDF objects out of 1000 (max. 8388607)
 28 named destinations out of 1000 (max. 500000)
 73 words of extra memory for PDF output out of 10000 (max. 10000000)

